<?xml version="1.0" encoding="UTF-8"?>
<!-- Generated by org.testng.reporters.JUnitXMLReporter -->
<testsuite ignored="0" hostname="Avnish-PC" failures="0" tests="5" name="Test" time="38.226" errors="0" timestamp="2024-04-12T15:07:48 IST">
  <testcase classname="dhanashri.newtest.one" name="loginAmezon" time="19.594"/>
  <testcase classname="dhanashri.newtest.two" name="loginGrotechmind" time="10.582"/>
  <testcase classname="dhanashri.newtest.three" name="testregister" time="0.009"/>
  <testcase classname="dhanashri.newtest.three" name="logingoogle" time="7.933"/>
  <testcase classname="dhanashri.newtest.three" name="testcase3" time="0.001"/>
</testsuite> <!-- Test -->
