<?xml version="1.0" encoding="UTF-8"?>
<!-- Generated by org.testng.reporters.JUnitXMLReporter -->
<testsuite ignored="1" hostname="Avnish-PC" failures="0" tests="3" name="Test" time="0.076" errors="0" timestamp="2024-04-11T10:35:17 IST">
  <testcase classname="groupingannotation.testcases" name="tesid_01" time="0.009"/>
  <testcase classname="groupingannotation.testcases" name="testid_02" time="0.004"/>
  <testcase classname="groupingannotation.testcases" name="testid_03" time="0.004"/>
  <testcase classname="groupingannotation.testcases" name="testid_04" time="0.0">
    <ignored/>
  </testcase> <!-- testid_04 -->
</testsuite> <!-- Test -->
