<?xml version="1.0" encoding="UTF-8"?>
<!-- Generated by org.testng.reporters.JUnitXMLReporter -->
<testsuite ignored="1" hostname="Avnish-PC" failures="0" tests="11" name="Default test" time="0.429" errors="0" timestamp="2024-04-24T11:55:30 IST">
  <testcase classname="prathamesh.pratham.twoannotaion" name="testcase2" time="0.014"/>
  <testcase classname="prathamesh.pratham.twoannotaion" name="testcase2" time="0.006"/>
  <testcase classname="prathamesh.pratham.twoannotaion" name="testcase2" time="0.014"/>
  <testcase classname="prathamesh.pratham.twoannotaion" name="testcase2" time="0.014"/>
  <testcase classname="prathamesh.pratham.twoannotaion" name="testcase2" time="0.008"/>
  <testcase classname="prathamesh.pratham.twoannotaion" name="testcase2" time="0.064"/>
  <testcase classname="prathamesh.pratham.twoannotaion" name="testcase2" time="0.048"/>
  <testcase classname="prathamesh.pratham.twoannotaion" name="testcase2" time="0.004"/>
  <testcase classname="prathamesh.pratham.twoannotaion" name="testcase2" time="0.01"/>
  <testcase classname="prathamesh.pratham.twoannotaion" name="testcase2" time="0.007"/>
  <testcase classname="prathamesh.pratham.twoannotaion" name="testcase3" time="0.008"/>
  <testcase classname="prathamesh.pratham.twoannotaion" name="testcase1" time="0.0">
    <ignored/>
  </testcase> <!-- testcase1 -->
</testsuite> <!-- Default test -->
