<?xml version="1.0" encoding="UTF-8"?>
<!-- Generated by org.testng.reporters.JUnitXMLReporter -->
<testsuite ignored="0" hostname="Avnish-PC" failures="0" tests="6" name="logintest" time="45.639" errors="0" timestamp="2024-04-12T15:28:42 IST">
  <testcase classname="dhanashri.newtest.two" name="loginGrotechmind" time="12.385"/>
  <testcase classname="dhanashri.newtest.one" name="loginAmezon" time="21.237"/>
  <testcase classname="dhanashri.newtest.three" name="testregister" time="0.0"/>
  <testcase classname="dhanashri.newtest.three" name="logingoogle" time="5.62"/>
  <testcase classname="dhanashri.newtest.three" name="testcase3" time="0.006"/>
  <testcase classname="dhanashri.newtest.four" name="facebook" time="6.312"/>
</testsuite> <!-- logintest -->
