<?xml version="1.0" encoding="UTF-8"?>
<testng-results ignored="1" total="12" passed="11" failed="0" skipped="0">
  <reporter-output>
  </reporter-output>
  <suite started-at="2024-04-24T11:55:29 IST" name="Default suite" finished-at="2024-04-24T11:55:29 IST" duration-ms="429">
    <groups>
    </groups>
    <test started-at="2024-04-24T11:55:29 IST" name="Default test" finished-at="2024-04-24T11:55:29 IST" duration-ms="429">
      <class name="prathamesh.pratham.twoannotaion">
        <test-method signature="testcase2()[pri:-1, instance:prathamesh.pratham.twoannotaion@78123e82]" started-at="2024-04-24T11:55:29 IST" name="testcase2" finished-at="2024-04-24T11:55:29 IST" duration-ms="14" status="PASS">
          <reporter-output>
          </reporter-output>
        </test-method> <!-- testcase2 -->
        <test-method signature="testcase2()[pri:-1, instance:prathamesh.pratham.twoannotaion@78123e82]" started-at="2024-04-24T11:55:29 IST" name="testcase2" finished-at="2024-04-24T11:55:29 IST" duration-ms="6" status="PASS">
          <reporter-output>
          </reporter-output>
        </test-method> <!-- testcase2 -->
        <test-method signature="testcase2()[pri:-1, instance:prathamesh.pratham.twoannotaion@78123e82]" started-at="2024-04-24T11:55:29 IST" name="testcase2" finished-at="2024-04-24T11:55:29 IST" duration-ms="14" status="PASS">
          <reporter-output>
          </reporter-output>
        </test-method> <!-- testcase2 -->
        <test-method signature="testcase2()[pri:-1, instance:prathamesh.pratham.twoannotaion@78123e82]" started-at="2024-04-24T11:55:29 IST" name="testcase2" finished-at="2024-04-24T11:55:29 IST" duration-ms="14" status="PASS">
          <reporter-output>
          </reporter-output>
        </test-method> <!-- testcase2 -->
        <test-method signature="testcase2()[pri:-1, instance:prathamesh.pratham.twoannotaion@78123e82]" started-at="2024-04-24T11:55:29 IST" name="testcase2" finished-at="2024-04-24T11:55:29 IST" duration-ms="8" status="PASS">
          <reporter-output>
          </reporter-output>
        </test-method> <!-- testcase2 -->
        <test-method signature="testcase2()[pri:-1, instance:prathamesh.pratham.twoannotaion@78123e82]" started-at="2024-04-24T11:55:29 IST" name="testcase2" finished-at="2024-04-24T11:55:29 IST" duration-ms="64" status="PASS">
          <reporter-output>
          </reporter-output>
        </test-method> <!-- testcase2 -->
        <test-method signature="testcase2()[pri:-1, instance:prathamesh.pratham.twoannotaion@78123e82]" started-at="2024-04-24T11:55:29 IST" name="testcase2" finished-at="2024-04-24T11:55:29 IST" duration-ms="48" status="PASS">
          <reporter-output>
          </reporter-output>
        </test-method> <!-- testcase2 -->
        <test-method signature="testcase2()[pri:-1, instance:prathamesh.pratham.twoannotaion@78123e82]" started-at="2024-04-24T11:55:29 IST" name="testcase2" finished-at="2024-04-24T11:55:29 IST" duration-ms="4" status="PASS">
          <reporter-output>
          </reporter-output>
        </test-method> <!-- testcase2 -->
        <test-method signature="testcase2()[pri:-1, instance:prathamesh.pratham.twoannotaion@78123e82]" started-at="2024-04-24T11:55:29 IST" name="testcase2" finished-at="2024-04-24T11:55:29 IST" duration-ms="10" status="PASS">
          <reporter-output>
          </reporter-output>
        </test-method> <!-- testcase2 -->
        <test-method signature="testcase2()[pri:-1, instance:prathamesh.pratham.twoannotaion@78123e82]" started-at="2024-04-24T11:55:29 IST" name="testcase2" finished-at="2024-04-24T11:55:29 IST" duration-ms="7" status="PASS">
          <reporter-output>
          </reporter-output>
        </test-method> <!-- testcase2 -->
        <test-method signature="testcase3()[pri:0, instance:prathamesh.pratham.twoannotaion@78123e82]" started-at="2024-04-24T11:55:29 IST" name="testcase3" finished-at="2024-04-24T11:55:29 IST" duration-ms="8" status="PASS">
          <reporter-output>
          </reporter-output>
        </test-method> <!-- testcase3 -->
      </class> <!-- prathamesh.pratham.twoannotaion -->
    </test> <!-- Default test -->
  </suite> <!-- Default suite -->
</testng-results>
