<?xml version="1.0" encoding="UTF-8"?>
<!-- Generated by org.testng.reporters.JUnitXMLReporter -->
<testsuite ignored="0" hostname="Avnish-PC" failures="0" tests="15" name="Test" time="0.181" errors="0" timestamp="2024-04-11T10:52:20 IST">
  <testcase classname="groupingannotation.testcases" name="tesid_01" time="0.026"/>
  <testcase classname="groupingannotation.testcases" name="testid_02" time="0.005"/>
  <testcase classname="groupingannotation.testcases" name="testid_03" time="0.006"/>
  <testcase classname="groupingannotation.testcases" name="testid_04" time="0.003"/>
  <testcase classname="groupingannotation.testcases" name="testid_05" time="0.007"/>
  <testcase classname="groupingannotation.testcases" name="testid_06" time="0.004"/>
  <testcase classname="groupingannotation.testcases" name="testid_07" time="0.002"/>
  <testcase classname="groupingannotation.testcases" name="testid_08" time="0.001"/>
  <testcase classname="groupingannotation.testcases" name="testid_09" time="0.001"/>
  <testcase classname="groupingannotation.testcases" name="testid_10" time="0.003"/>
  <testcase classname="groupingannotation.testcases" name="testid_11" time="0.001"/>
  <testcase classname="groupingannotation.testcases" name="testid_12" time="0.004"/>
  <testcase classname="groupingannotation.testcases" name="testid_13" time="0.001"/>
  <testcase classname="groupingannotation.testcases" name="testid_14" time="0.002"/>
  <testcase classname="groupingannotation.testcases" name="testid_15" time="0.003"/>
</testsuite> <!-- Test -->
