<?xml version="1.0" encoding="UTF-8"?>
<testng-results ignored="0" total="1" passed="1" failed="0" skipped="0">
  <reporter-output>
  </reporter-output>
  <suite started-at="2024-05-09T18:16:29 IST" name="Default suite" finished-at="2024-05-09T18:16:53 IST" duration-ms="24383">
    <groups>
    </groups>
    <test started-at="2024-05-09T18:16:29 IST" name="Default test" finished-at="2024-05-09T18:16:53 IST" duration-ms="24383">
      <class name="projectonetest.testcase13_coupencode">
        <test-method signature="coupenapply()[pri:0, instance:projectonetest.testcase13_coupencode@78123e82]" started-at="2024-05-09T18:16:29 IST" name="coupenapply" finished-at="2024-05-09T18:16:53 IST" duration-ms="24331" status="PASS">
          <reporter-output>
          </reporter-output>
        </test-method> <!-- coupenapply -->
      </class> <!-- projectonetest.testcase13_coupencode -->
    </test> <!-- Default test -->
  </suite> <!-- Default suite -->
</testng-results>
