<?xml version="1.0" encoding="UTF-8"?>
<testng-results ignored="0" total="4" passed="4" failed="0" skipped="0">
  <reporter-output>
  </reporter-output>
  <suite started-at="2024-05-21T13:16:46 IST" name="Default suite" finished-at="2024-05-21T13:16:46 IST" duration-ms="106">
    <groups>
    </groups>
    <test started-at="2024-05-21T13:16:46 IST" name="Default test" finished-at="2024-05-21T13:16:46 IST" duration-ms="106">
      <class name="dataprovider.sampledataprovider">
        <test-method signature="testcase(java.lang.String)[pri:0, instance:dataprovider.sampledataprovider@2f217633]" started-at="2024-05-21T13:16:46 IST" name="testcase" data-provider="data1" finished-at="2024-05-21T13:16:46 IST" duration-ms="7" status="PASS">
          <params>
            <param index="0">
              <value>
                <![CDATA[dhanu]]>
              </value>
            </param>
          </params>
          <reporter-output>
          </reporter-output>
        </test-method> <!-- testcase -->
        <test-method signature="testcase(java.lang.String)[pri:0, instance:dataprovider.sampledataprovider@2f217633]" started-at="2024-05-21T13:16:46 IST" name="testcase" data-provider="data1" finished-at="2024-05-21T13:16:46 IST" duration-ms="5" status="PASS">
          <params>
            <param index="0">
              <value>
                <![CDATA[sahil]]>
              </value>
            </param>
          </params>
          <reporter-output>
          </reporter-output>
        </test-method> <!-- testcase -->
        <test-method signature="testcase(java.lang.String)[pri:0, instance:dataprovider.sampledataprovider@2f217633]" started-at="2024-05-21T13:16:46 IST" name="testcase" data-provider="data1" finished-at="2024-05-21T13:16:46 IST" duration-ms="3" status="PASS">
          <params>
            <param index="0">
              <value>
                <![CDATA[patahm]]>
              </value>
            </param>
          </params>
          <reporter-output>
          </reporter-output>
        </test-method> <!-- testcase -->
        <test-method signature="testcase(java.lang.String)[pri:0, instance:dataprovider.sampledataprovider@2f217633]" started-at="2024-05-21T13:16:46 IST" name="testcase" data-provider="data1" finished-at="2024-05-21T13:16:46 IST" duration-ms="7" status="PASS">
          <params>
            <param index="0">
              <value>
                <![CDATA[avnsig]]>
              </value>
            </param>
          </params>
          <reporter-output>
          </reporter-output>
        </test-method> <!-- testcase -->
      </class> <!-- dataprovider.sampledataprovider -->
    </test> <!-- Default test -->
  </suite> <!-- Default suite -->
</testng-results>
