<?xml version="1.0" encoding="UTF-8"?>
<!-- Generated by org.testng.reporters.JUnitXMLReporter -->
<testsuite ignored="3" hostname="Avnish-PC" failures="0" tests="1" name="r Test" time="0.055" errors="0" timestamp="2024-04-11T10:39:58 IST">
  <testcase classname="groupingannotation.testcases" name="testid_04" time="0.01"/>
  <testcase classname="groupingannotation.testcases" name="tesid_01" time="0.0">
    <ignored/>
  </testcase> <!-- tesid_01 -->
  <testcase classname="groupingannotation.testcases" name="testid_03" time="0.0">
    <ignored/>
  </testcase> <!-- testid_03 -->
  <testcase classname="groupingannotation.testcases" name="testid_02" time="0.0">
    <ignored/>
  </testcase> <!-- testid_02 -->
</testsuite> <!-- r Test -->
