<?xml version="1.0" encoding="UTF-8"?>
<!-- Generated by org.testng.reporters.JUnitXMLReporter -->
<testsuite ignored="0" hostname="Avnish-PC" failures="1" tests="1" name="Default test(failed)" time="0.103" errors="0" timestamp="2024-04-19T17:19:23 IST">
  <testcase classname="dataprovider.tescase1" name="amezon" time="0.02">
    <failure type="java.lang.AssertionError" message="expected [true] but found [false]">
      <![CDATA[java.lang.AssertionError: expected [true] but found [false]
at dataprovider.tescase1.amezon(tescase1.java:11)
at java.base/java.util.ArrayList.forEach(ArrayList.java:1511)
... Removed 31 stack frames]]>
    </failure>
  </testcase> <!-- amezon -->
</testsuite> <!-- Default test(failed) -->
