<?xml version="1.0" encoding="UTF-8"?>
<!-- Generated by org.testng.reporters.JUnitXMLReporter -->
<testsuite ignored="0" hostname="Avnish-PC" failures="0" tests="4" name="Default test" time="0.106" errors="0" timestamp="2024-05-21T13:16:46 IST">
  <testcase classname="dataprovider.sampledataprovider" name="testcase" time="0.007"/>
  <testcase classname="dataprovider.sampledataprovider" name="testcase" time="0.005"/>
  <testcase classname="dataprovider.sampledataprovider" name="testcase" time="0.003"/>
  <testcase classname="dataprovider.sampledataprovider" name="testcase" time="0.007"/>
</testsuite> <!-- Default test -->
