<?xml version="1.0" encoding="UTF-8"?>
<!-- Generated by org.testng.reporters.JUnitXMLReporter -->
<testsuite ignored="0" hostname="Avnish-PC" failures="0" tests="1" name="Test" time="0.072" errors="0" timestamp="2024-05-04T17:40:56 IST">
  <testcase classname="projectonetest.lunchquitprojectone" name="@BeforeMethod precondi" time="-1.714824656813E9">
    <failure type="org.testng.TestNGException" message="
Parameter &amp;apos;broswer&amp;apos; is required by BeforeMethod on method precondi but has not been marked @Optional or defined
in C:\Users\HP\eclipse-workspace\testamezon\5testcase.xml">
      <![CDATA[org.testng.TestNGException: 
Parameter 'broswer' is required by BeforeMethod on method precondi but has not been marked @Optional or defined
in C:\Users\HP\eclipse-workspace\testamezon\5testcase.xml
at java.base/java.util.ArrayList.forEach(ArrayList.java:1511)
... Removed 28 stack frames]]>
    </failure>
  </testcase> <!-- @BeforeMethod precondi -->
  <testcase classname="projectonetest.lunchquitprojectone" name="@AfterMethod post_condition" time="-1.714824656844E9">
    <skipped/>
  </testcase> <!-- @AfterMethod post_condition -->
  <testcase classname="projectonetest.testacse05_searchproudct" name="serachingtheproduct" time="0.0">
    <skipped/>
  </testcase> <!-- serachingtheproduct -->
</testsuite> <!-- Test -->
