<?xml version="1.0" encoding="UTF-8"?>
<!-- Generated by org.testng.reporters.JUnitXMLReporter -->
<testsuite ignored="1" hostname="Avnish-PC" failures="0" tests="16" name="Test" time="0.901" errors="0" timestamp="2024-04-05T17:24:56 IST">
  <testcase classname="prathamesh.pratham.exapmle4" name="testone" time="0.01"/>
  <testcase classname="prathamesh.pratham.enableannotation" name="enabletestcas" time="0.002"/>
  <testcase classname="prathamesh.pratham.enableannotation" name="testtwo" time="0.002"/>
  <testcase classname="prathamesh.pratham.priorityone" name="testone" time="0.003"/>
  <testcase classname="prathamesh.pratham.priorityone" name="loginAmezon" time="0.01"/>
  <testcase classname="prathamesh.pratham.priorityone" name="testtwo" time="0.003"/>
  <testcase classname="prathamesh.pratham.timoutannotaion" name="timeoutone" time="0.004"/>
  <testcase classname="prathamesh.pratham.timoutannotaion" name="timettwo" time="0.57"/>
  <testcase classname="prathamesh.pratham.invocationcount" name="incount" time="0.013"/>
  <testcase classname="prathamesh.pratham.invocationcount" name="incount2" time="0.006"/>
  <testcase classname="prathamesh.pratham.invocationcount" name="incount2" time="0.006"/>
  <testcase classname="prathamesh.pratham.invocationcount" name="incount2" time="0.004"/>
  <testcase classname="prathamesh.pratham.invocationcount" name="incount3" time="0.005"/>
  <testcase classname="prathamesh.pratham.annotaioncase1" name="testcase1" time="0.005"/>
  <testcase classname="prathamesh.pratham.annotaioncase1" name="testcase2" time="0.004"/>
  <testcase classname="prathamesh.pratham.diffrentannotion" name="one" time="0.009"/>
  <testcase classname="prathamesh.pratham.enableannotation" name="testthre" time="0.0">
    <ignored/>
  </testcase> <!-- testthre -->
</testsuite> <!-- Test -->
