<?xml version="1.0" encoding="UTF-8"?>
<!-- Generated by org.testng.reporters.JUnitXMLReporter -->
<testsuite ignored="11" hostname="Avnish-PC" failures="0" tests="4" name="Test" time="0.08" errors="0" timestamp="2024-04-11T10:51:14 IST">
  <testcase classname="groupingannotation.testcases" name="testid_05" time="0.012"/>
  <testcase classname="groupingannotation.testcases" name="testid_06" time="0.003"/>
  <testcase classname="groupingannotation.testcases" name="testid_08" time="0.001"/>
  <testcase classname="groupingannotation.testcases" name="testid_09" time="0.003"/>
  <testcase classname="groupingannotation.testcases" name="tesid_01" time="0.0">
    <ignored/>
  </testcase> <!-- tesid_01 -->
  <testcase classname="groupingannotation.testcases" name="testid_07" time="0.0">
    <ignored/>
  </testcase> <!-- testid_07 -->
  <testcase classname="groupingannotation.testcases" name="testid_03" time="0.0">
    <ignored/>
  </testcase> <!-- testid_03 -->
  <testcase classname="groupingannotation.testcases" name="testid_14" time="0.0">
    <ignored/>
  </testcase> <!-- testid_14 -->
  <testcase classname="groupingannotation.testcases" name="testid_02" time="0.0">
    <ignored/>
  </testcase> <!-- testid_02 -->
  <testcase classname="groupingannotation.testcases" name="testid_13" time="0.0">
    <ignored/>
  </testcase> <!-- testid_13 -->
  <testcase classname="groupingannotation.testcases" name="testid_15" time="0.0">
    <ignored/>
  </testcase> <!-- testid_15 -->
  <testcase classname="groupingannotation.testcases" name="testid_04" time="0.0">
    <ignored/>
  </testcase> <!-- testid_04 -->
  <testcase classname="groupingannotation.testcases" name="testid_10" time="0.0">
    <ignored/>
  </testcase> <!-- testid_10 -->
  <testcase classname="groupingannotation.testcases" name="testid_12" time="0.0">
    <ignored/>
  </testcase> <!-- testid_12 -->
  <testcase classname="groupingannotation.testcases" name="testid_11" time="0.0">
    <ignored/>
  </testcase> <!-- testid_11 -->
</testsuite> <!-- Test -->
